<?xml version="1.0" encoding="UTF-8"?>
<testng-results ignored="0" total="1" passed="1" failed="0" skipped="0">
  <reporter-output>
  </reporter-output>
  <suite started-at="2025-01-11T12:23:25 IST" name="Default suite" finished-at="2025-01-11T12:23:25 IST" duration-ms="78">
    <groups>
    </groups>
    <test started-at="2025-01-11T12:23:25 IST" name="Default test" finished-at="2025-01-11T12:23:25 IST" duration-ms="78">
      <class name="SimpleProj">
        <test-method signature="sample()[pri:0, instance:SimpleProj@55b7a4e0]" started-at="2025-01-11T12:23:25 IST" name="sample" finished-at="2025-01-11T12:23:25 IST" duration-ms="18" status="PASS">
          <reporter-output>
          </reporter-output>
        </test-method> <!-- sample -->
      </class> <!-- SimpleProj -->
    </test> <!-- Default test -->
  </suite> <!-- Default suite -->
</testng-results>
